[debug] [2023-09-19T12:04:25.002Z] ----------------------------------------------------------------------
[debug] [2023-09-19T12:04:25.007Z] Command:       C:\Program Files\nodejs\node.exe C:\Users\faiza\AppData\Roaming\npm\node_modules\firebase-tools\lib\bin\firebase.js init
[debug] [2023-09-19T12:04:25.007Z] CLI Version:   12.5.4
[debug] [2023-09-19T12:04:25.008Z] Platform:      win32
[debug] [2023-09-19T12:04:25.008Z] Node Version:  v18.14.0
[debug] [2023-09-19T12:04:25.010Z] Time:          Tue Sep 19 2023 17:34:25 GMT+0530 (India Standard Time)
[debug] [2023-09-19T12:04:25.011Z] ----------------------------------------------------------------------
[debug] 
[debug] [2023-09-19T12:04:25.020Z] >>> [apiv2][query] GET https://firebase-public.firebaseio.com/cli.json [none]
[debug] [2023-09-19T12:04:25.068Z] > command requires scopes: ["email","openid","https://www.googleapis.com/auth/cloudplatformprojects.readonly","https://www.googleapis.com/auth/firebase","https://www.googleapis.com/auth/cloud-platform"]
[debug] [2023-09-19T12:04:25.068Z] > authorizing via signed-in user (faizalmohamed5302002@gmail.com)
[info] 
     ######## #### ########  ######## ########     ###     ######  ########
     ##        ##  ##     ## ##       ##     ##  ##   ##  ##       ##
     ######    ##  ########  ######   ########  #########  ######  ######
     ##        ##  ##    ##  ##       ##     ## ##     ##       ## ##
     ##       #### ##     ## ######## ########  ##     ##  ######  ########

You're about to initialize a Firebase project in this directory:

  D:\WEBDEVELOPMENT\Big Projects\EXPENSE-TRACKER\budget-buddy

[debug] [2023-09-19T12:04:25.878Z] <<< [apiv2][status] GET https://firebase-public.firebaseio.com/cli.json 200
[debug] [2023-09-19T12:04:25.879Z] <<< [apiv2][body] GET https://firebase-public.firebaseio.com/cli.json {"cloudBuildErrorAfter":1594252800000,"cloudBuildWarnAfter":1590019200000,"defaultNode10After":1594252800000,"minVersion":"3.0.5","node8DeploysDisabledAfter":1613390400000,"node8RuntimeDisabledAfter":1615809600000,"node8WarnAfter":1600128000000}
